C51 COMPILER V9.60.7.0   MAIN                                                              04/03/2025 23:26:55 PAGE 1   


C51 COMPILER V9.60.7.0, COMPILATION OF MODULE MAIN
OBJECT MODULE PLACED IN .\Objects\main.obj
COMPILER INVOKED BY: D:\keil5\C51\BIN\C51.EXE main.c OPTIMIZE(8,SPEED) BROWSE DEBUG OBJECTEXTEND PRINT(.\Listings\main.l
                    -st) TABS(2) OBJECT(.\Objects\main.obj)

line level    source

   1          #include <REGX52.H>
   2          #include  <INTRINS.H>
   3          #include "delay.h"
   4          #include "timer.h"
   5          #include "Nixie.h"
   6          extern volatile bit flag_send ;
   7          extern unsigned int abt;
   8          void main ()
   9          {
  10   1        timer0_init();
  11   1        while(1)
  12   1        {
  13   2          Nixie(2, abt);
  14   2          if (flag_send) {
  15   3                  sendstring("Hello,world!");
  16   3                  flag_send = 0;
  17   3          }
  18   2        }
  19   1      }


MODULE INFORMATION:   STATIC OVERLAYABLE
   CODE SIZE        =     28    ----
   CONSTANT SIZE    =     13    ----
   XDATA SIZE       =   ----    ----
   PDATA SIZE       =   ----    ----
   DATA SIZE        =   ----    ----
   IDATA SIZE       =   ----    ----
   BIT SIZE         =   ----    ----
END OF MODULE INFORMATION.


C51 COMPILATION COMPLETE.  0 WARNING(S),  0 ERROR(S)
