C51 COMPILER V9.60.7.0   TIMER                                                             04/03/2025 23:26:30 PAGE 1   


C51 COMPILER V9.60.7.0, COMPILATION OF MODULE TIMER
OBJECT MODULE PLACED IN .\Objects\timer.obj
COMPILER INVOKED BY: D:\keil5\C51\BIN\C51.EXE timer.c OPTIMIZE(8,SPEED) BROWSE DEBUG OBJECTEXTEND PRINT(.\Listings\timer
                    -.lst) TABS(2) OBJECT(.\Objects\timer.obj)

line level    source

   1          #include <REGX52.H>
   2          #include "delay.h"
   3          #include "Nixie.h"
   4          void timer0_init(void)
   5          {
   6   1        PCON |= 0x80;   
   7   1        SCON = 0x50;    
   8   1        TMOD &= 0x0F;   
   9   1        TMOD |= 0x20;   
  10   1        TMOD &= 0xF0;   
  11   1        TMOD |= 0x01;   
  12   1        TL1 = 0xF3;     
  13   1        TH1 = 0xF3;   
  14   1        ET1 = 0;      
  15   1        TR1 = 1;      
  16   1        EA=1;
  17   1        ES=0;
  18   1        TF0=1;
  19   1        TR0=1;
  20   1        TH0 = 0xFC;
  21   1      TL0 = 0x18;
  22   1        ET0=1;
  23   1        PT0=0;
  24   1      }
  25          void sendbyte(unsigned char Byte)
  26          {
  27   1        SBUF=Byte;
  28   1        while(TI==0);
  29   1        TI=0;
  30   1      }
  31          void sendstring(unsigned char*Byte)
  32          {
  33   1        while(*Byte!='\0'){
  34   2       sendbyte(*Byte);
  35   2        Delay1ms(1);
  36   2        Byte++;
  37   2        }
  38   1      }
  39          volatile bit flag_send = 0;
  40          unsigned int abt;
  41          unsigned int count;
  42          void Tim0_Rountine(void) interrupt 1
  43          {
  44   1        count++;
  45   1        if(count==10){
  46   2           flag_send = 1;
  47   2        count=0;
  48   2        }
  49   1      }
  50          void UART_Routine(void) interrupt 4 {
  51   1          if (RI == 1) {
  52   2              abt= SBUF;  
  53   2              RI = 0;
  54   2          }
C51 COMPILER V9.60.7.0   TIMER                                                             04/03/2025 23:26:30 PAGE 2   

  55   1      }


MODULE INFORMATION:   STATIC OVERLAYABLE
   CODE SIZE        =    146    ----
   CONSTANT SIZE    =   ----    ----
   XDATA SIZE       =   ----    ----
   PDATA SIZE       =   ----    ----
   DATA SIZE        =      4       3
   IDATA SIZE       =   ----    ----
   BIT SIZE         =      1    ----
END OF MODULE INFORMATION.


C51 COMPILATION COMPLETE.  0 WARNING(S),  0 ERROR(S)
