C51 COMPILER V9.60.7.0   TIMER                                                             04/03/2025 22:20:15 PAGE 1   


C51 COMPILER V9.60.7.0, COMPILATION OF MODULE TIMER
OBJECT MODULE PLACED IN .\Objects\timer.obj
COMPILER INVOKED BY: D:\keil5\C51\BIN\C51.EXE timer.c OPTIMIZE(8,SPEED) BROWSE DEBUG OBJECTEXTEND PRINT(.\Listings\timer
                    -.lst) TABS(2) OBJECT(.\Objects\timer.obj)

line level    source

   1          #include <REGX52.H>
   2          #include "delay.h"
   3          void timer0_init(void)
   4          {
   5   1        PCON |= 0x80;   
   6   1        SCON = 0x50;    
   7   1        TMOD &= 0x0F;   
   8   1        TMOD |= 0x20;   
   9   1        TL1 = 0xF3;     
  10   1        TH1 = 0xF3;   
  11   1        ET1 = 0;      
  12   1        TR1 = 1;      
  13   1        EA=1;
  14   1        ES=0;
  15   1        TMOD &= 0xF0;   
  16   1        TMOD |= 0x01;   
  17   1        TF0=1;
  18   1        TR0=1;
  19   1        TH0=64535/256;
  20   1        TL0=64535%256;
  21   1        ET0=1;
  22   1        
  23   1        PT0=0;
  24   1      }
  25          void sendbyte(unsigned char Byte)
  26          {
  27   1        SBUF=Byte;
  28   1        while(TI==0);
  29   1        TI=0;
  30   1      }
  31          void sendstring(unsigned char*Byte)
  32          {
  33   1        while(*Byte!='\0'){
  34   2       sendbyte(*Byte);
  35   2        Delay1ms(2);
  36   2        Byte++;
  37   2        }
  38   1      }
  39          unsigned int count;
  40          unsigned int a=-1;
  41          void Tim0_Rountine(void) interrupt 1
  42          {
  43   1        count++;
  44   1        if(count==10)
  45   1        { 
  46   2        if(a==8)
  47   2        {
  48   3        a=0;
  49   3        }
  50   2        else
  51   2        {
  52   3        a++;
  53   3        }
  54   2        P2=~(0X01<<a);
C51 COMPILER V9.60.7.0   TIMER                                                             04/03/2025 22:20:15 PAGE 2   

  55   2        count=0;
  56   2        sendstring("Hello,world!");
  57   2        }
  58   1      }
  59          void Usart_Rountine(void) interrupt 4
  60          {
  61   1      if(RI==1)
  62   1      {
  63   2        P2=0X0F;
  64   2        RI=0;
  65   2      }
  66   1      
  67   1      }


MODULE INFORMATION:   STATIC OVERLAYABLE
   CODE SIZE        =    229    ----
   CONSTANT SIZE    =     13    ----
   XDATA SIZE       =   ----    ----
   PDATA SIZE       =   ----    ----
   DATA SIZE        =      4       3
   IDATA SIZE       =   ----    ----
   BIT SIZE         =   ----    ----
END OF MODULE INFORMATION.


C51 COMPILATION COMPLETE.  0 WARNING(S),  0 ERROR(S)
